         w __deregister_frame_info
         w __register_frame_info
         w userAppExit
         w userAppInit
00000000 00000401 B __ctru_dev_path_buf
00000000 a shift
00000000 a shift
00000000 b _TLS_MODULE_BASE_
00000404 00000802 B __ctru_dev_utf16_buf
00100000 A __start__
00100000 T _start
00100008 T __service_ptr
0010000c T __apt_appid
00100010 T __heap_size
00100014 T __linear_heap_size
00100018 T __system_arglist
0010001c T __system_runflags
00100020 t startup
00100058 t ClearMem
0010006c t ClrLoop
00100094 T _init
001000ac T __aeabi_uidiv
001000ac 000001ec T __udivsi3
001000ac t .udivsi3_skip_div0_test
00100298 00000020 T __aeabi_uidivmod
001002b8 T __aeabi_idiv
001002b8 00000220 T __divsi3
001002c0 t .divsi3_skip_div0_test
001004d8 00000020 T __aeabi_idivmod
001004f8 00000004 W __aeabi_idiv0
001004f8 00000004 W __aeabi_ldiv0
001004fc T __aeabi_ldivmod
001005d0 T __aeabi_uldivmod
00100628 00000390 T strcmp
001009b0 t __do_global_dtors_aux
001009f0 t frame_dummy
00100a1c 0000000c T SetVector2f
00100a28 00000030 T Largest
00100a58 00000030 T Smallest
00100a88 00000034 T InitBullet
00100ac0 00000094 T MoveBullet
00100b54 0000004c T InitPlayer
00100ba0 0000017c T TeleportPlayer
00100d20 00000180 T MovePlayer
00100ea0 00000078 T SpawnBullet
00100f18 00000174 T DestroyBullet
0010108c 00000044 T InitEntity
001010d0 000001b4 T EntityOnEntity
00101284 00000158 T main
001013dc 00000078 T InitButton
00101454 00000098 T DrawButton
001014ec 0000008c T LineByLineCollsion
00101578 0000007c T InitEnemy
001015f4 00000038 T MoveEnemy
0010162c 00000238 T TeleportEnemy
00101864 000000a4 T RotateEnemy
00101908 00000134 T MoveHitEnemy
00101a3c 00000118 T DrawRotatedTriangle
00101b54 000007f4 T InitGame
00102348 000002c8 T StateMainMenu
00102610 000001ec T StateCreditsMenu
00102800 0000070c T StateGame
00102f10 0000039c T StatePause
001032ac 00000238 T LoseHealth
001034e4 00000244 T RestartGame
00103728 00000458 T StateGameOver
00103b80 00000018 T Input
00103b98 00000014 T ButtonDown
00103bac 00000014 T ButtonHeld
00103bc0 0000005c T DeInitGame
00103c1c 00000034 t C2Di_FrameEndHook
00103c50 00000330 T C2D_Init
00103f80 00000044 T C2D_Fini
00103fc4 000000d0 T C2D_Prepare
00104094 0000003c T C2D_Flush
001040d0 00000108 T C2D_SceneSize
001041d8 00000058 T C2D_CreateScreenTarget
00104230 00000058 T C2D_TargetClear
00104288 00000040 T C2Di_AppendVtx
001042c8 0000022c T C2Di_Update
001044f4 00000134 T C2D_DrawTriangle
00104628 000001b0 T C2D_DrawRectangle
001047d8 00000018 t C2Di_GlyphComp
001047f0 00000140 t C2Di_CalcLineWidths
00104930 000001d0 T C2D_TextBufNew
00104b00 00000004 T C2D_TextBufDelete
00104b04 0000000c T C2D_TextBufClear
00104b10 000001c8 T C2D_TextFontParseLine
00104cd8 000000a8 T C2D_TextFontParse
00104d80 00000030 T C2D_TextOptimize
00104db0 000010d4 T C2D_DrawText
00105e84 00000028 T C2D_FontFree
00105eac 000000f0 t C2Di_PostLoadFont
00105f9c 000000b4 T C2D_FontLoadFromHandle
00106050 00000034 T C2D_FontLoad
00106084 00000044 T C2D_FontGlyphIndexFromCodePoint
001060c8 00000078 T C2D_FontCalcGlyphPos
00106140 00000004 W C3Di_LightEnvUpdate
00106144 00000004 W C3Di_LightEnvDirty
00106148 000000b4 t C3Di_AptEventHook
001061fc 00000004 W C3Di_GasUpdate
00106200 000001e0 T C3D_Init
001063e0 00000098 T C3D_SetViewport
00106478 000004ec T C3Di_UpdateContext
00106964 000000e0 T C3Di_SplitFrame
00106a44 00000044 T C3D_Fini
00106a88 00000108 T C3D_BindProgram
00106b90 0000004c t onVBlank0
00106bdc 0000004c t onVBlank1
00106c28 00000080 t C3Di_RenderTargetDestroy
00106ca8 000000f4 t onQueueFinish
00106d9c 00000038 T C3Di_RenderQueueEnableVBlank
00106dd4 00000030 T C3Di_RenderQueueDisableVBlank
00106e04 00000060 T C3Di_RenderQueueInit
00106e64 000000b0 T C3Di_RenderQueueExit
00106f14 00000034 T C3Di_RenderQueueWaitDone
00106f48 000000e4 T C3D_FrameBegin
0010702c 00000048 T C3D_FrameDrawOn
00107074 00000058 T C3D_FrameSplit
001070cc 000001d8 T C3D_FrameEnd
001072a4 0000001c T C3D_FrameEndHook
001072c0 00000128 T C3D_RenderTargetCreate
001073e8 000000a8 T C3D_RenderTargetSetOutput
00107490 00000044 T C3D_TexBind
001074d4 0000016c T C3Di_SetTex
00107640 0000001c T C3D_CalcColorBufSize
0010765c 0000001c T C3D_CalcDepthBufSize
00107678 00000044 T C3D_SetFrameBuf
001076bc 0000016c T C3Di_FrameBufBind
00107828 000000cc T C3D_FrameBufClear
001078f4 00000044 T C3D_FrameBufTransfer
00107938 00000034 T C3D_GetTexEnv
0010796c 00000024 T C3Di_TexEnvBind
00107990 00000070 T C3D_ProcTexInit
00107a00 00000054 T C3D_ProcTexBind
00107a54 0000005c T C3D_ProcTexLutBind
00107ab0 000000a4 T ProcTexLut_FromArray
00107b54 0000017c T C3Di_ProcTexUpdate
00107cd0 00000068 T C3Di_ProcTexDirty
00107d38 00000024 T BufInfo_Init
00107d5c 00000080 T BufInfo_Add
00107ddc 00000040 T C3D_SetBufInfo
00107e1c 00000048 T C3Di_BufInfoBind
00107e64 00000148 T C3D_DrawArrays
00107fac 00000040 T C3D_DepthMap
00107fec 0000001c T C3D_CullFace
00108008 00000040 T C3D_StencilTest
00108048 00000024 T C3D_StencilOp
0010806c 0000001c T C3D_BlendingColor
00108088 00000024 T C3D_EarlyDepthTest
001080ac 0000002c T C3D_DepthTest
001080d8 0000002c T C3D_AlphaTest
00108104 00000050 T C3D_AlphaBlend
00108154 00000030 T C3D_FragOpMode
00108184 00000044 T C3D_FragOpShadow
001081c8 000001ac T C3Di_EffectBind
00108374 00000028 T AttrInfo_Init
0010839c 00000098 T AttrInfo_AddLoader
00108434 00000054 T C3D_SetAttrInfo
00108488 00000080 T C3Di_AttrInfoBind
00108508 000000a8 T C3D_ImmSendAttrib
001085b0 0000029c T C3D_UpdateUniforms
0010884c 000000c0 T C3Di_DirtyUniforms
0010890c 000000d8 T C3Di_LoadShaderUniforms
001089e4 00000028 T C3Di_ClearShaderUniforms
00108a0c 000000cc T Mtx_Ortho
00108ad8 000000cc T Mtx_OrthoTilt
00108ba4 00000024 t addrMapNodeComparator(rbtree_node const*, rbtree_node const*)
00108bc8 00000004 t addrMapNodeDestructor(rbtree_node*)
00108bcc 00000114 T vramMemAlign
00108ce0 00000008 T vramAlloc
00108ce8 0000005c T vramFree
00108d44 00000024 t addrMapNodeComparator(rbtree_node const*, rbtree_node const*)
00108d68 00000004 t addrMapNodeDestructor(rbtree_node*)
00108d6c 00000120 T linearMemAlign
00108e8c 00000008 T linearAlloc
00108e94 0000005c T linearFree
00108ef0 00000084 T MemPool::CoalesceRight(MemBlock*)
00108f74 00000170 T MemPool::Allocate(MemChunk&, unsigned long, int)
001090e4 000000fc T MemPool::Deallocate(MemChunk const&)
001091e0 00000008 t romfs_close
001091e8 000000c8 t romfs_seek
001092b0 00000024 t romfs_dirreset
001092d4 000000c8 t fill_dir
0010939c 000002b0 t romfs_dirnext
0010964c 00000084 t romfs_free
001096d0 000000d4 t searchForFile.constprop.0
001097a4 000000d8 t searchForDir.constprop.0
0010987c 000001c0 t navigateToDir.constprop.0
00109a3c 00000128 t romfs_open
00109b64 0000004c t romfs_chdir
00109bb0 00000070 t romfs_diropen
00109c20 0000017c t romfs_stat
00109d9c 00000008 t romfs_dirclose
00109da4 0000007c t romfs_fstat
00109e20 000000d4 t romfs_read
00109ef4 00000290 T romfsMountFromFile
0010a184 00000098 T romfsMountFromCurrentProcess
0010a21c 0000025c T romfsMountSelf
0010a478 00000074 T osConvertVirtToPhys
0010a4ec 00000054 T osGetTimeRef
0010a540 000000e4 T osGetTime
0010a624 00000074 T __libctru_gtod
0010a698 00000034 T __ctru_speedup_config
0010a6cc 0000009c T fontEnsureMapped
0010a768 0000007c T fontFixPointers
0010a7e4 000000fc T fontGlyphIndexFromCodePoint
0010a8e0 0000006c T fontGetCharWidthInfo
0010a94c 000001c0 T fontCalcGlyphPos
0010ab0c 000000d0 t gfxPresentFramebuffer
0010abdc 0000001c T gfxIsWide
0010abf8 000000ec T gfxSetScreenFormat
0010ace4 00000108 T gfxInit
0010adec 00000010 T gfxInitDefault
0010adfc 000000b4 T gfxExit
0010aeb0 000000a0 T gfxGetFramebuffer
0010af50 00000030 T gfxScreenSwapBuffers
0010af80 000001e0 T shaderInstanceInit
0010b160 00000018 T shaderInstanceGetUniformLocation
0010b178 0000001c T shaderProgramInit
0010b194 00000064 T shaderProgramFree
0010b1f8 00000080 T shaderProgramSetVsh
0010b278 000008c0 T shaderProgramConfigure
0010bb38 000001f8 t DVLE_GenerateOutmap.part.0
0010bd30 000001cc T DVLB_ParseFile
0010befc 00000038 T DVLB_Free
0010bf34 00000074 T DVLE_GetUniformRegister
0010bfa8 00000010 T GX_BindQueue
0010bfb8 00000078 T GX_ProcessCommandList
0010c030 00000074 T GX_MemoryFill
0010c0a4 00000070 T GX_DisplayTransfer
0010c114 00000068 t gxCmdQueueDoCommands.part.0
0010c17c 000000c8 T gxCmdQueueInterrupt
0010c244 0000004c T gxCmdQueueClear
0010c290 000000f8 T gxCmdQueueAdd
0010c388 00000080 T gxCmdQueueRun
0010c408 00000060 T gxCmdQueueStop
0010c468 00000074 T gxCmdQueueWait
0010c4dc 0000013c T GPUCMD_Add
0010c618 000000ac T GPUCMD_Split
0010c6c4 00000040 T f32tof16
0010c704 00000040 T f32tof24
0010c744 00000044 T f32tof31
0010c788 00000c58 t gspHardwareInit
0010d3e0 00000254 T gspInit
0010d634 000000f0 T gspExit
0010d724 00000010 T gspHasGpuRight
0010d734 00000098 T gspPresentBuffer
0010d7cc 00000030 T gspSetEventCallback
0010d7fc 00000050 T gspWaitForEvent
0010d84c 0000004c T gspWaitForAnyEvent
0010d898 00000160 t gspEventThreadMain
0010d9f8 00000130 T gspSubmitGxCommand
0010db28 00000050 T GSPGPU_FlushDataCache
0010db78 00000034 T GSPGPU_SetLcdForceBlack
0010dbac 00000068 T GSPGPU_AcquireRight
0010dc14 00000048 T GSPGPU_ReleaseRight
0010dc5c 0000007c T GSPGPU_ImportDisplayCaptureInfo
0010dcd8 0000002c T GSPGPU_SaveVramSysArea
0010dd04 0000002c T GSPGPU_RestoreVramSysArea
0010dd30 000001b0 t aptConvertScreenForCapture
0010dee0 00000008 W aptDspSleep
0010dee8 00000004 W aptDspWakeup
0010deec 00000004 W aptDspCancel
0010def0 0000015c T aptSendCommand
0010e04c 00000038 t aptExitProcess
0010e084 000002f0 T aptExit
0010e374 000000d8 T aptHandleSleep
0010e44c 00000030 T aptHook
0010e47c 00000030 T aptUnhook
0010e4ac 00000084 T APT_SleepIfShellClosed
0010e530 00000084 T aptSetSleepAllowed
0010e5b4 00000084 T APT_UnlockTransition
0010e638 00000484 t aptEventHandler
0010eabc 000000b0 T APT_ReceiveParameter
0010eb6c 000000b0 t aptReceiveParameter.constprop.0
0010ec20 000002bc t aptScreenTransfer
0010eedc 000002d0 t aptWaitForWakeUp.isra.0
0010f1ac 000000f8 T aptJumpToHomeMenu
0010f2a4 0000004c T aptMainLoop
0010f2f0 00000234 T aptInit
0010f524 0000007c T APT_CheckNew3DS
0010f5a0 00000048 T APT_GetSharedFont
0010f5e8 00000024 W hidShouldUseIrrst
0010f60c 0000018c T hidInit
0010f798 000000e8 T hidExit
0010f880 00000294 T hidScanInput
0010fb14 00000010 T hidKeysHeld
0010fb24 00000010 T hidKeysDown
0010fb34 00000018 T hidTouchRead
0010fb4c 00000074 T ptmSysmInit
0010fbc0 0000003c T ptmSysmExit
0010fbfc 00000034 T PTMSYSM_ConfigureNew3DSCPU
0010fc30 000000c8 T fsInit
0010fcf8 0000003c T fsExit
0010fd34 00000060 T fsExemptFromSession
0010fd94 00000050 T fsUnexemptFromSession
0010fde4 000000cc T FSUSER_OpenFile
0010feb0 000000d4 T FSUSER_OpenFileDirectly
0010ff84 000000bc T FSUSER_DeleteFile
00110040 000000f8 T FSUSER_RenameFile
00110138 000000bc T FSUSER_DeleteDirectory
001101f4 000000d4 T FSUSER_CreateFile
001102c8 000000c4 T FSUSER_CreateDirectory
0011038c 000000f8 T FSUSER_RenameDirectory
00110484 000000b4 T FSUSER_OpenDirectory
00110538 00000094 T FSUSER_OpenArchive
001105cc 0000008c T FSUSER_CloseArchive
00110658 00000074 T FSUSER_GetSdmcArchiveResource
001106cc 00000064 T FSUSER_IsSdmcWritable
00110730 00000058 T FSFILE_Read
00110788 00000060 T FSFILE_Write
001107e8 00000038 T FSFILE_GetSize
00110820 00000028 T FSFILE_SetSize
00110848 0000003c T FSFILE_Close
00110884 00000024 T FSFILE_Flush
001108a8 00000050 T FSDIR_Read
001108f8 0000003c T FSDIR_Close
00110934 00000010 T rbtree_init
00110944 000001a0 t do_insert
00110ae4 00000008 T rbtree_insert
00110aec 00000090 T rbtree_rotate
00110b7c 00000338 T rbtree_remove
00110eb4 00000074 T rbtree_find
00110f28 000000e8 T utf16_to_utf8
00111010 00000064 T decode_utf16
00111074 0000013c T decode_utf8
001111b0 000000c0 T utf8_to_utf16
00111270 000001e0 W __system_allocateHeaps
00111450 00000038 W __libctru_init
00111488 000000f0 W __system_initArgv
00111578 T svcControlMemory
00111598 T svcQueryMemory
001115c8 T svcExitProcess
001115d0 T svcCreateThread
001115f0 T svcExitThread
001115f8 T svcSleepThread
00111600 T svcReleaseMutex
00111608 T svcCreateEvent
0011161c T svcSignalEvent
00111624 T svcClearEvent
0011162c T svcMapMemoryBlock
00111634 T svcUnmapMemoryBlock
0011163c T svcCreateAddressArbiter
00111650 T svcArbitrateAddressNoTimeout
00111658 T svcCloseHandle
00111660 T svcWaitSynchronization
00111668 T svcWaitSynchronizationN
00111690 T svcDuplicateHandle
001116a4 T svcGetSystemTick
001116ac T svcConnectToPort
001116c0 T svcSendSyncRequest
001116c8 T svcGetResourceLimit
001116dc T svcGetResourceLimitLimitValues
001116e4 T svcGetResourceLimitCurrentValues
001116ec T svcBreak
001116f4 W initSystem
00111744 W __ctru_exit
0011175c T __aeabi_read_tp
00111768 0000000c T __sync_init
00111774 00000018 T __sync_fini
0011178c 0000002c T syncArbitrateAddress
001117b8 0000001c T LightLock_Init
001117d4 00000094 T LightLock_Lock
00111868 00000044 T LightLock_TryLock
001118ac 00000040 T LightLock_Unlock
001118ec 00000024 T RecursiveLock_Init
00111910 00000030 T RecursiveLock_Lock
00111940 00000078 T RecursiveLock_TryLock
001119b8 00000054 T RecursiveLock_Unlock
00111a0c 00000040 T LightEvent_Init
00111a4c 000000a4 T LightEvent_Clear
00111af0 000000c8 T LightEvent_Signal
00111bb8 00000058 T LightEvent_TryWait
00111c10 000000b0 T LightEvent_Wait
00111cc0 00000084 W envGetHandle
00111d44 00000050 W envDestroyHandles
00111d94 00000124 T srvInit
00111eb8 00000058 T srvExit
00111f10 00000080 T srvGetServiceHandleDirect
00111f90 00000048 T srvGetServiceHandle
00111fd8 00000038 T srvPublishToSubscriber
00112010 00000188 T threadCreate
00112198 0000002c T threadFree
001121c4 00000024 T threadJoin
001121e8 00000030 T threadGetCurrent
00112218 00000040 T threadExit
00112258 00000044 t _thread_begin
0011229c 00000094 t mappableFindAddressWithin
00112330 00000028 T mappableInit
00112358 00000080 T mappableAlloc
001123d8 00000004 T mappableFree
001123dc 00000160 T irrstInit
0011253c 000000cc T irrstExit
00112608 000000b0 T irrstScanInput
001126b8 00000024 T irrstKeysHeld
001126dc 0000000c T srvPmGetSessionHandle
001126e8 00000050 T rbtree_node_next
00112738 00000060 T encode_utf16
00112798 000000fc T encode_utf8
00112894 00000030 W __appInit
001128c4 00000030 t __libctru_nanosleep
001128f4 00000030 t __libctru_get_reent
00112924 000000f8 T __system_initSyscalls
00112a1c 00000030 W __appExit
00112a4c 00000090 W __libctru_exit
00112adc 00000014 t archive_link
00112af0 00000014 t archive_dirreset
00112b04 00000014 t archive_chmod
00112b18 00000024 t error_cmp
00112b3c 00000050 t archive_translate_error
00112b8c 000000d4 t archive_seek
00112c60 0000007c t _archiveInit.part.0
00112cdc 0000008c t archiveFindDevice.part.0
00112d68 00000294 t archive_utf16path
00112ffc 000000a0 t _archiveUnmountDeviceStruct.part.0
0011309c 00000014 t archive_fchmod
001130b0 00000014 t archive_statvfs
001130c4 00000158 t _archiveMountDevice
0011321c 000000e8 t archive_diropen
00113304 000000a4 t archive_fstat
001133a8 0000006c t archive_close
00113414 0000006c t archive_fsync
00113480 00000070 t archive_dirclose
001134f0 000000e8 t sdmc_statvfs
001135d8 00000080 t archive_ftruncate
00113658 000000fc t archive_chdir
00113754 000000b0 t archive_read
00113804 000000ac t archive_unlink
001138b0 000000c8 t archive_rmdir
00113978 000000ec t archive_mkdir
00113a64 000001a8 t archive_stat
00113c0c 00000184 t archive_rename
00113d90 00000168 t archive_dirnext
00113ef8 0000012c t archive_write
00114024 000001f0 t archive_open
00114214 000001a4 T archiveMountSdmc
001143b8 00000054 T archiveUnmountAll
00114410 000000c0 T cos
001144d0 000000b8 T ceilf
00114588 000000c8 T sin
00114650 00000004 T atan2
00114658 00000204 T __ieee754_atan2
00114860 00000328 T __ieee754_rem_pio2
00114b88 00000158 T __kernel_cos
00114ce0 0000088c T __kernel_rem_pio2
00115570 000000c0 T __kernel_sin
00115630 00000284 T atan
001158b4 00000014 T fabs
001158c8 00000174 T floor
00115a40 0000012c T scalbn
00115b6c 00000120 T __udivmoddi4
00115c8c 00000078 T bsearch
00115d04 00000028 T calloc
00115d2c 000000bc T _calloc_r
00115de8 0000000c T __errno
00115df4 00000034 T exit
00115e28 00000160 T _fclose_r
00115f88 00000020 T fclose
00115fa8 00000258 T __sflush_r
00116200 00000094 T _fflush_r
00116294 00000038 T fflush
001162cc 0000000c T _cleanup_r
001162d8 00000184 T __sinit
0011645c 00000134 T __sfp
00116590 0000000c T __sfp_lock_acquire
0011659c 0000000c T __sfp_lock_release
001165a8 0000003c T __libc_fini_array
001165e4 00000140 T _fopen_r
00116724 00000028 T fopen
0011674c 000002d4 T _fread_r
00116a20 00000038 T fread
00116a58 000000f8 T _malloc_trim_r
00116b50 000002e4 T _free_r
00116e34 0000001c T _fseek_r
00116e50 00000598 T _fseeko_r
001173e8 00000068 T _fwalk
00117450 00000070 T _fwalk_reent
001174c0 0000007c T __libc_init_array
0011753c 00000138 T __smakebuf_r
00117674 00000028 T memalign
0011769c 00000150 T _memalign_r
001177ec 00000020 T malloc
0011780c 00000020 T free
0011782c 000007e0 T _malloc_r
0011800c 000000a8 T memcmp
001180b4 0000011c T memcpy
001181d0 00000154 T memmove
00118324 00000118 T memset
0011843c 0000000c T __malloc_lock
00118448 0000000c T __malloc_unlock
00118454 00000958 T qsort
00118dac 0000001c T srand
00118dc8 00000044 T rand
00118e0c 00000558 T _realloc_r
00119364 0000001c t lflush
00119380 000001ac T __srefill_r
0011952c 000000cc T snprintf
001195f8 00000044 T __sread
0011963c 00000068 T __swrite
001196a4 00000048 T __sseek
001196ec 00000008 T __sclose
001196f4 0000012c T strchr
00119820 0000005c T strlen
0011987c 000000ec T strncat
00119968 000000dc T strncmp
00119a44 000000c0 T strncpy
00119b04 00000048 T strnlen
00119b4c 00000628 t get_arg
0011a178 000035b8 T _svfprintf_r
0011d730 0000003c T time
0011d76c 00000054 T _wcrtomb_r
0011d7c0 00000028 T _wcsrtombs_r
0011d7e8 00000114 T __call_exitprocs
0011d8fc 000001ac t quorem
0011daa8 000012cc T _dtoa_r
0011ed74 000000cc T __sflags
0011ee40 0000000c T _localeconv_r
0011ee4c 00000010 T __locale_mb_cur_max
0011ee5c 000002e4 T __utf8_mbtowc
0011f140 000000e0 T memchr
0011f220 00000088 T _Balloc
0011f2a8 0000001c T _Bfree
0011f2c4 000000f4 T __multadd
0011f3b8 00000058 T __hi0bits
0011f410 00000094 T __lo0bits
0011f4a4 000000a4 T __i2b
0011f548 00000204 T __multiply
0011f74c 00000120 T __pow5mult
0011f86c 0000013c T __lshift
0011f9a8 00000058 T __mcmp
0011fa00 000001cc T __mdiff
0011fbcc 00000124 T __d2b
0011fcf0 000000a8 T frexp
0011fd98 00000190 T __ssprint_r
0011ff28 00000190 T _wcsnrtombs_l
001200b8 0000004c T _wcsnrtombs_r
00120104 000000f0 T __utf8_wctomb
001201f4 00000054 T __assert_func
00120248 0000003c T fiprintf
00120284 00000628 t get_arg
001208ac 00000030 T __sprint_r
001208dc 0000233c T _vfiprintf_r
00122c18 000000d4 t __sbprintf
00122cec 00000154 T __swsetup_r
00122e40 00000014 T abort
00122e54 000004c0 T __sfvwrite_r
00123314 00000098 T _raise_r
001233ac 00000020 T raise
001233cc 00000008 t null_write
001233d4 00000018 T setDefaultDevice
001233ec 000000c8 T FindDevice
001234b4 00000028 T RemoveDevice
001234dc 0000009c T AddDevice
00123578 00000020 T GetDeviceOpTab
00123598 00000078 T _fstat_r
00123610 00000014 T _getpid_r
00123624 00000038 T _gettimeofday_r
0012365c 00000008 T _isatty_r
00123664 00000014 T _kill_r
00123678 00000084 T _lseek_r
001236fc 000000c8 T _open_r
001237c4 00000080 T _read_r
00123844 00000078 T _sbrk_r
001238bc 00000080 T _write_r
0012393c 00000024 T _exit
00123960 000001b8 T _concatenate_path
00123b18 00000160 T chdir
00123c78 00000008 T __flockfile
00123c80 00000008 T __funlockfile
00123c88 00000018 T __libc_lock_acquire
00123ca0 00000018 T __libc_lock_release
00123cb8 00000018 T __libc_lock_init_recursive
00123cd0 00000018 T __libc_lock_acquire_recursive
00123ce8 00000018 T __libc_lock_release_recursive
00123d00 00000018 T __libc_lock_close_recursive
00123d18 0000008c T __release_handle
00123da4 000000b4 T __alloc_handle
00123e58 0000003c T __get_handle
00123e94 000000f4 T _close_r
00123f88 00000028 T __getreent
00123fb0 00000044 T strrchr
00123ff4 T _fini
001251b4 R render2d_shbin
00125340 R render2d_shbin_end
00125340 R render2d_shbin_size
00125344 00000005 r colorFmtSizes
0012534c 00000004 r depthFmtSizes
00125350 00000010 r CSWTCH.9
00125384 00000070 r romFS_devoptab
00125418 00000008 r morton_x.3
00125420 00000008 r morton_y.2
00125428 00000008 r s_sleepWakeEvents.4
00125488 00000070 r archive_devoptab
001254f8 00000030 r error_table
00125528 00000018 r CSWTCH.8
00125540 00000018 r CSWTCH.9
00125558 00000080 r npio2_hw
001255d8 00000108 r two_over_pi
001256e0 00000040 r PIo2
00125720 00000010 r init_jk
00125730 00000020 r atanhi
00125750 00000020 r atanlo
00125770 00000004 R _global_impure_ptr
001257b0 00000010 r blanks.1
001257c0 00000010 r zeroes.0
001257e0 r .LC2
001258c0 00000028 R __mprec_bigtens
001258e8 000000c8 R __mprec_tens
001259b0 0000000c r p05.0
001259bc 0000006c R __action_table
00125a28 00000100 R __chclass
00125b28 0000006c R __state_table
00125bd4 00000101 R _ctype_
00125cd8 00000010 r blanks.1
00125ce8 00000010 r zeroes.0
00125cf8 00000070 R dotab_stdnull
00125d68 r 
00125d68 R __exidx_end
00125d68 R __exidx_start
00126000 00000010 d selectionPos
00126010 00000004 d framerate
00126014 00000008 d framerateCounter
0012601c 00000004 d queueLock
00126020 00000004 d kCount
00126024 00000004 d kDelay
00126028 00000004 d kInterval
0012602c W __stacksize__
00126030 0000000c d __sfp_recursive_mutex
0012603c 0000000c d __sinit_recursive_mutex
00126048 00000004 D _impure_ptr
00126050 00000460 d impure_data
001264b0 00000408 D __malloc_av_
001268b8 00000004 D __malloc_sbrk_base
001268bc 00000004 D __malloc_trim_threshold
001268c0 0000000c d __malloc_recursive_mutex
001268cc 0000000c D __atexit_recursive_mutex
001268d8 0000016c D __global_locale
00126a44 00000004 d defaultDevice
00126a48 0000008c D devoptab_list
00126ad4 00000400 d _current_working_directory
00126ed4 00000004 d __hndl_lock
00126ed8 0000000c d __stderr_handle
00126ee4 0000000c d __stdin_handle
00126ef0 0000000c d __stdout_handle
00126efc 00001000 d handles
00127f04 d _GLOBAL_OFFSET_TABLE_
00127f10 d __frame_dummy_init_array_entry
00127f10 D __init_array_start
00127f10 B __preinit_array_end
00127f10 B __preinit_array_start
00127f10 D __tdata_lma
00127f10 D __tdata_lma_end
00127f14 d __do_global_dtors_aux_fini_array_entry
00127f14 D __fini_array_start
00127f14 D __init_array_end
00127f18 D __bss_start__
00127f18 b completed.1
00127f18 D __fini_array_end
00127f1c b object.0
00127f38 000005a0 B __C2Di_Context
001284d8 00000040 b s_projBot
00128518 00000040 b s_projTop
00128558 00000004 b uLoc_mdlvMtx
0012855c 00000004 b uLoc_projMtx
00128560 00000004 b s_glyphSheets
00128564 00000004 b s_textScale
00128568 000002d0 B __C3D_Context
00128838 0000000c b hookCookie
00128848 00000010 b cpuTime
00128858 00000004 b firstTarget
0012885c 00000008 b frameCounter
00128864 00000004 b frameEndCb
00128868 00000004 b frameEndCbData
00128870 00000010 b gpuTime
00128880 00000001 b inFrame
00128881 00000001 b inSafeTransfer
00128882 00000001 b isTopStereo
00128884 00000004 b lastTarget
00128888 0000000c b linkedTarget
00128894 00000001 b measureGpuTime
00128895 00000001 b needSwapBot
00128896 00000001 b needSwapTop
00128898 00000004 B C3D_BoolUnifs
0012889c 00000002 B C3D_BoolUnifsDirty
001288a0 00000c00 B C3D_FVUnif
001294a0 000000c0 B C3D_FVUnifDirty
00129560 00000020 B C3D_IVUnif
00129580 00000008 B C3D_IVUnifDirty
00129588 000000c0 b C3Di_FVUnifEverDirty
00129648 00000008 b C3Di_IVUnifEverDirty
00129650 00000018 b C3Di_ShaderFVecData
00129668 0000000c b sAddrMap
00129674 00000008 b sVramPool
0012967c 00000008 b sLinearPool
00129684 0000000c b sAddrMap
00129690 00000004 V __romfs_path
00129694 00000004 b romfs_mount_list
00129698 00000001 V __ctru_speedup
0012969c 00000004 B g_sharedFont
001296a0 00000004 b sharedFontAddr
001296a4 00000004 b gfxBottomFramebufferMaxSize
001296a8 00000008 b gfxBottomFramebuffers
001296b0 00000002 b gfxCurBuf
001296b4 00000002 b gfxFramebufferFormats
001296b8 00000002 b gfxIsDoubleBuf
001296ba 00000001 b gfxIsVram
001296bc 00000004 b gfxTopFramebufferMaxSize
001296c0 00000008 b gfxTopFramebuffers
001296c8 00000001 b gfxTopMode
001296cc 00000004 b screenAlloc
001296d0 00000004 b screenFree
001296d4 00000004 b boundQueue
001296d8 00000004 b curQueue
001296dc 00000001 b isActive
001296dd 00000001 b isRunning
001296de 00000001 b shouldStop
001296e0 00000004 B gpuCmdBuf
001296e4 00000004 B gpuCmdBufOffset
001296e8 00000004 B gpuCmdBufSize
001296ec 00000004 b gspEvent
001296f0 0000001c b gspEventCb
0012970c 0000001c b gspEventCbData
00129728 00000007 b gspEventCbOneShot
00129730 00000004 b gspEventThread
00129734 00000038 b gspEvents
0012976c 00000004 b gspGpuHandle
00129770 00000001 b gspGpuRight
00129774 00000004 b gspLastEvent
00129778 00000004 b gspRefCount
0012977c 00000001 b gspRunEvents
00129780 00000004 b gspSharedMem
00129784 00000004 b gspSharedMemHandle
00129788 00000001 b gspThreadId
00129789 00000001 b aptChainloadFlags
0012978a 00000001 b aptChainloadMediatype
00129790 00000008 b aptChainloadTid
00129798 00000004 b aptEventHandlerThread
0012979c 00000001 b aptEventHandlerThreadQuit
001297a0 00000008 b aptEvents
001297a8 0000000c b aptFirstHook
001297b4 00000004 b aptFlags
001297b8 00000001 b aptHomeButtonState
001297bc 00000004 b aptLockHandle
001297c0 00000004 b aptMessageFunc
001297c4 00000004 b aptMessageFuncData
001297c8 00001000 b aptParameters
0012a7c8 00000008 b aptReceiveEvent
0012a7d0 00000004 b aptRefCount
0012a7d4 00000008 b aptSleepEvent
0012a7dc 00000001 b flagInit.1
0012a7dd 00000001 b flagValue.0
0012a7e0 00000004 b serviceName.6
0012a7e4 00000006 b aVec
0012a7ec 00000004 b cPos
0012a7f0 00000006 b gRate
0012a7f8 00000014 B hidEvents
0012a80c 00000004 B hidHandle
0012a810 00000004 B hidMemHandle
0012a814 00000004 b hidRefCount
0012a818 00000004 B hidSharedMem
0012a81c 00000004 b kDown
0012a820 00000004 b kHeld
0012a824 00000004 b kOld
0012a828 00000004 b kRepeat
0012a82c 00000004 b kUp
0012a830 00000004 b tPos
0012a834 00000001 b usingIrrst
0012a838 00000004 b ptmSysmHandle
0012a83c 00000004 b ptmSysmRefCount
0012a840 00000080 b fsExemptArchives
0012a8c0 00000004 b fsuHandle
0012a8c4 00000004 b fsuRefCount
0012a8c8 00000004 B __ctru_heap
0012a8cc 00000004 V __ctru_heap_size
0012a8d0 00000004 B __ctru_linear_heap
0012a8d4 00000004 V __ctru_linear_heap_size
0012a8d8 00000004 B __system_retAddr
0012a8dc 00000004 B __system_argc
0012a8e0 00000004 B __system_argv
0012a8e4 b saved_stack
0012a8ec 00000004 b arbiter
0012a8f0 00000004 b srvHandle
0012a8f4 00000004 b srvRefCount
0012a8f8 00000004 b currentAddr
0012a8fc 00000004 b maxAddr
0012a900 00000004 b minAddr
0012a904 00000004 b csPos
0012a908 00000004 B irrstEvent
0012a90c 00000004 B irrstHandle
0012a910 00000004 B irrstMemHandle
0012a914 00000004 b irrstRefCount
0012a918 00000004 B irrstSharedMem
0012a91c 00000004 b kHeld
0012a920 00000004 b srvPmHandle
0012a924 00000004 b archive_device_cwd
0012a928 00000540 b archive_devices
0012ae68 00000001 b archive_initialized
0012ae6c 00000028 B __malloc_current_mallinfo
0012ae94 00000004 B __malloc_max_sbrked_mem
0012ae98 00000004 B __malloc_max_total_mem
0012ae9c 00000004 B __malloc_top_pad
0012aea0 00000004 b heap_start.0
0012aea4 00000004 B fake_heap_end
0012aea8 00000004 B fake_heap_start
0012aeac 00000400 b temp_cwd
0012b2ac 00000048 B __syscalls
0012b2f4 B __tls_start
0012befc B __bss_end__
0012befc A __end__
0012befc B __tls_end
